<?xml version="1.0" encoding="UTF-8"?>
<testng-results ignored="0" total="3" passed="2" failed="1" skipped="0">
  <reporter-output>
  </reporter-output>
  <suite started-at="2023-03-11T01:17:46 IST" name="Default suite" finished-at="2023-03-11T01:18:01 IST" duration-ms="14922">
    <groups>
    </groups>
    <test started-at="2023-03-11T01:17:46 IST" name="Default test" finished-at="2023-03-11T01:18:01 IST" duration-ms="14922">
      <class name="tests.Login">
        <test-method signature="testLogin(java.util.HashMap)[pri:0, instance:tests.Login@4b741d6d]" started-at="2023-03-11T01:17:46 IST" name="testLogin" data-provider="dataSupplier" finished-at="2023-03-11T01:17:48 IST" duration-ms="1770" status="FAIL">
          <params>
            <param index="0">
              <value>
                <![CDATA[{Runmode=Y, ExpectedResult=Success, Username=amotooriddfam1@gmail.comamotooriddfam3@gmail.com, Browser=Chrome, Password=abcde}]]>
              </value>
            </param>
          </params>
          <exception class="org.openqa.selenium.remote.http.ConnectionFailedException">
            <message>
              <![CDATA[Unable to establish websocket connection to http://localhost:56985/devtools/browser/363cbdd9-2a57-4434-ab0c-4b58e017652e
Build info: version: '4.8.1', revision: '8ebccac989'
System info: os.name: 'Windows 10', os.arch: 'amd64', os.version: '10.0', java.version: '17.0.4.1'
Driver info: driver.version: ChromeDriver]]>
            </message>
            <full-stacktrace>
              <![CDATA[org.openqa.selenium.remote.http.ConnectionFailedException: Unable to establish websocket connection to http://localhost:56985/devtools/browser/363cbdd9-2a57-4434-ab0c-4b58e017652e
Build info: version: '4.8.1', revision: '8ebccac989'
System info: os.name: 'Windows 10', os.arch: 'amd64', os.version: '10.0', java.version: '17.0.4.1'
Driver info: driver.version: ChromeDriver
at org.openqa.selenium.remote.http.netty.NettyWebSocket.<init>(NettyWebSocket.java:102)
at org.openqa.selenium.remote.http.netty.NettyWebSocket.lambda$create$3(NettyWebSocket.java:128)
at org.openqa.selenium.remote.http.netty.NettyClient.openSocket(NettyClient.java:107)
at org.openqa.selenium.devtools.Connection.<init>(Connection.java:78)
at org.openqa.selenium.chromium.ChromiumDriver.lambda$new$2(ChromiumDriver.java:116)
at java.base/java.util.Optional.map(Optional.java:260)
at org.openqa.selenium.chromium.ChromiumDriver.<init>(ChromiumDriver.java:114)
at org.openqa.selenium.chrome.ChromeDriver.<init>(ChromeDriver.java:82)
at org.openqa.selenium.chrome.ChromeDriver.<init>(ChromeDriver.java:50)
at base.Base.openBrowser(Base.java:35)
at tests.Login.testLogin(Login.java:43)
at java.base/jdk.internal.reflect.NativeMethodAccessorImpl.invoke0(Native Method)
at java.base/jdk.internal.reflect.NativeMethodAccessorImpl.invoke(NativeMethodAccessorImpl.java:77)
at java.base/jdk.internal.reflect.DelegatingMethodAccessorImpl.invoke(DelegatingMethodAccessorImpl.java:43)
at java.base/java.lang.reflect.Method.invoke(Method.java:568)
at org.testng.internal.invokers.MethodInvocationHelper.invokeMethod(MethodInvocationHelper.java:139)
at org.testng.internal.invokers.TestInvoker.invokeMethod(TestInvoker.java:677)
at org.testng.internal.invokers.TestInvoker.invokeTestMethod(TestInvoker.java:221)
at org.testng.internal.invokers.MethodRunner.runInSequence(MethodRunner.java:50)
at org.testng.internal.invokers.TestInvoker$MethodInvocationAgent.invoke(TestInvoker.java:969)
at org.testng.internal.invokers.TestInvoker.invokeTestMethods(TestInvoker.java:194)
at org.testng.internal.invokers.TestMethodWorker.invokeTestMethods(TestMethodWorker.java:148)
at org.testng.internal.invokers.TestMethodWorker.run(TestMethodWorker.java:128)
at java.base/java.util.ArrayList.forEach(ArrayList.java:1511)
at org.testng.TestRunner.privateRun(TestRunner.java:829)
at org.testng.TestRunner.run(TestRunner.java:602)
at org.testng.SuiteRunner.runTest(SuiteRunner.java:437)
at org.testng.SuiteRunner.runSequentially(SuiteRunner.java:431)
at org.testng.SuiteRunner.privateRun(SuiteRunner.java:391)
at org.testng.SuiteRunner.run(SuiteRunner.java:330)
at org.testng.SuiteRunnerWorker.runSuite(SuiteRunnerWorker.java:52)
at org.testng.SuiteRunnerWorker.run(SuiteRunnerWorker.java:95)
at org.testng.TestNG.runSuitesSequentially(TestNG.java:1256)
at org.testng.TestNG.runSuitesLocally(TestNG.java:1176)
at org.testng.TestNG.runSuites(TestNG.java:1099)
at org.testng.TestNG.run(TestNG.java:1067)
at org.testng.remote.AbstractRemoteTestNG.run(AbstractRemoteTestNG.java:115)
at org.testng.remote.RemoteTestNG.initAndRun(RemoteTestNG.java:251)
at org.testng.remote.RemoteTestNG.main(RemoteTestNG.java:77)
]]>
            </full-stacktrace>
          </exception> <!-- org.openqa.selenium.remote.http.ConnectionFailedException -->
          <reporter-output>
          </reporter-output>
        </test-method> <!-- testLogin -->
        <test-method is-config="true" signature="tearDown()[pri:0, instance:tests.Login@4b741d6d]" started-at="2023-03-11T01:17:48 IST" name="tearDown" finished-at="2023-03-11T01:17:48 IST" duration-ms="4" status="PASS">
          <reporter-output>
          </reporter-output>
        </test-method> <!-- tearDown -->
        <test-method signature="testLogin(java.util.HashMap)[pri:0, instance:tests.Login@4b741d6d]" started-at="2023-03-11T01:17:48 IST" name="testLogin" data-provider="dataSupplier" finished-at="2023-03-11T01:17:53 IST" duration-ms="5331" status="PASS">
          <params>
            <param index="0">
              <value>
                <![CDATA[{Runmode=Y, ExpectedResult=Success, Username=amotooriddfam2@gmail.com, Browser=Firefox, Password=abcde}]]>
              </value>
            </param>
          </params>
          <reporter-output>
          </reporter-output>
        </test-method> <!-- testLogin -->
        <test-method is-config="true" signature="tearDown()[pri:0, instance:tests.Login@4b741d6d]" started-at="2023-03-11T01:17:53 IST" name="tearDown" finished-at="2023-03-11T01:17:54 IST" duration-ms="859" status="PASS">
          <reporter-output>
          </reporter-output>
        </test-method> <!-- tearDown -->
        <test-method signature="testLogin(java.util.HashMap)[pri:0, instance:tests.Login@4b741d6d]" started-at="2023-03-11T01:17:54 IST" name="testLogin" data-provider="dataSupplier" finished-at="2023-03-11T01:18:00 IST" duration-ms="6201" status="PASS">
          <params>
            <param index="0">
              <value>
                <![CDATA[{Runmode=Y, ExpectedResult=Success, Username=amotooriddfam3@gmail.com, Browser=Edge, Password=abcde}]]>
              </value>
            </param>
          </params>
          <reporter-output>
          </reporter-output>
        </test-method> <!-- testLogin -->
        <test-method is-config="true" signature="tearDown()[pri:0, instance:tests.Login@4b741d6d]" started-at="2023-03-11T01:18:00 IST" name="tearDown" finished-at="2023-03-11T01:18:01 IST" duration-ms="204" status="PASS">
          <reporter-output>
          </reporter-output>
        </test-method> <!-- tearDown -->
      </class> <!-- tests.Login -->
    </test> <!-- Default test -->
  </suite> <!-- Default suite -->
</testng-results>
